2016-09-06 00:27:01 [main] INFO  [Server.java:271]
				[]-jetty-7.6.11.v20130520
2016-09-06 00:27:02 [main] INFO  [ContextHandler.java:1965]
				[]-Initializing Spring root WebApplicationContext
2016-09-06 00:27:02 [main] INFO  [ContextLoader.java:272]
				[]-Root WebApplicationContext: initialization started
2016-09-06 00:27:02 [main] INFO  [AbstractApplicationContext.java:513]
				[]-Refreshing Root WebApplicationContext: startup date [Tue Sep 06 00:27:02 CST 2016]; root of context hierarchy
2016-09-06 00:27:02 [main] INFO  [XmlBeanDefinitionReader.java:316]
				[]-Loading XML bean definitions from class path resource [spring/spring-config.xml]
2016-09-06 00:27:03 [main] INFO  [XmlBeanDefinitionReader.java:316]
				[]-Loading XML bean definitions from URL [file:/F:/RecentWork/TeachOnLine/Projects/jhb-parent/jhb-weixin/target/classes/spring/spring-config-mybatis.xml]
2016-09-06 00:27:03 [main] ERROR [ContextLoader.java:318]
				[]-Context initialization failed
org.springframework.beans.factory.parsing.BeanDefinitionParsingException: Configuration problem: Failed to import bean definitions from relative location [spring-config-mybatis.xml]
Offending resource: class path resource [spring/spring-config.xml]; nested exception is org.springframework.beans.factory.BeanDefinitionStoreException: IOException parsing XML document from URL [file:/F:/RecentWork/TeachOnLine/Projects/jhb-parent/jhb-weixin/target/classes/spring/spring-config-mybatis.xml]; nested exception is java.io.FileNotFoundException: F:\RecentWork\TeachOnLine\Projects\jhb-parent\jhb-weixin\target\classes\spring\spring-config-mybatis.xml (系统找不到指定的文件。)
	at org.springframework.beans.factory.parsing.FailFastProblemReporter.error(FailFastProblemReporter.java:70) ~[spring-beans-4.0.0.RELEASE.jar:4.0.0.RELEASE]
	at org.springframework.beans.factory.parsing.ReaderContext.error(ReaderContext.java:85) ~[spring-beans-4.0.0.RELEASE.jar:4.0.0.RELEASE]
	at org.springframework.beans.factory.parsing.ReaderContext.error(ReaderContext.java:76) ~[spring-beans-4.0.0.RELEASE.jar:4.0.0.RELEASE]
	at org.springframework.beans.factory.xml.DefaultBeanDefinitionDocumentReader.importBeanDefinitionResource(DefaultBeanDefinitionDocumentReader.java:274) ~[spring-beans-4.0.0.RELEASE.jar:4.0.0.RELEASE]
	at org.springframework.beans.factory.xml.DefaultBeanDefinitionDocumentReader.parseDefaultElement(DefaultBeanDefinitionDocumentReader.java:199) ~[spring-beans-4.0.0.RELEASE.jar:4.0.0.RELEASE]
	at org.springframework.beans.factory.xml.DefaultBeanDefinitionDocumentReader.parseBeanDefinitions(DefaultBeanDefinitionDocumentReader.java:184) ~[spring-beans-4.0.0.RELEASE.jar:4.0.0.RELEASE]
	at org.springframework.beans.factory.xml.DefaultBeanDefinitionDocumentReader.doRegisterBeanDefinitions(DefaultBeanDefinitionDocumentReader.java:141) ~[spring-beans-4.0.0.RELEASE.jar:4.0.0.RELEASE]
	at org.springframework.beans.factory.xml.DefaultBeanDefinitionDocumentReader.registerBeanDefinitions(DefaultBeanDefinitionDocumentReader.java:110) ~[spring-beans-4.0.0.RELEASE.jar:4.0.0.RELEASE]
	at org.springframework.beans.factory.xml.XmlBeanDefinitionReader.registerBeanDefinitions(XmlBeanDefinitionReader.java:508) ~[spring-beans-4.0.0.RELEASE.jar:4.0.0.RELEASE]
	at org.springframework.beans.factory.xml.XmlBeanDefinitionReader.doLoadBeanDefinitions(XmlBeanDefinitionReader.java:391) ~[spring-beans-4.0.0.RELEASE.jar:4.0.0.RELEASE]
	at org.springframework.beans.factory.xml.XmlBeanDefinitionReader.loadBeanDefinitions(XmlBeanDefinitionReader.java:335) ~[spring-beans-4.0.0.RELEASE.jar:4.0.0.RELEASE]
	at org.springframework.beans.factory.xml.XmlBeanDefinitionReader.loadBeanDefinitions(XmlBeanDefinitionReader.java:303) ~[spring-beans-4.0.0.RELEASE.jar:4.0.0.RELEASE]
	at org.springframework.beans.factory.support.AbstractBeanDefinitionReader.loadBeanDefinitions(AbstractBeanDefinitionReader.java:180) ~[spring-beans-4.0.0.RELEASE.jar:4.0.0.RELEASE]
	at org.springframework.beans.factory.support.AbstractBeanDefinitionReader.loadBeanDefinitions(AbstractBeanDefinitionReader.java:216) ~[spring-beans-4.0.0.RELEASE.jar:4.0.0.RELEASE]
	at org.springframework.beans.factory.support.AbstractBeanDefinitionReader.loadBeanDefinitions(AbstractBeanDefinitionReader.java:187) ~[spring-beans-4.0.0.RELEASE.jar:4.0.0.RELEASE]
	at org.springframework.web.context.support.XmlWebApplicationContext.loadBeanDefinitions(XmlWebApplicationContext.java:125) ~[spring-web-4.0.0.RELEASE.jar:4.0.0.RELEASE]
	at org.springframework.web.context.support.XmlWebApplicationContext.loadBeanDefinitions(XmlWebApplicationContext.java:94) ~[spring-web-4.0.0.RELEASE.jar:4.0.0.RELEASE]
	at org.springframework.context.support.AbstractRefreshableApplicationContext.refreshBeanFactory(AbstractRefreshableApplicationContext.java:129) ~[spring-context-4.0.0.RELEASE.jar:4.0.0.RELEASE]
	at org.springframework.context.support.AbstractApplicationContext.obtainFreshBeanFactory(AbstractApplicationContext.java:540) ~[spring-context-4.0.0.RELEASE.jar:4.0.0.RELEASE]
	at org.springframework.context.support.AbstractApplicationContext.refresh(AbstractApplicationContext.java:454) ~[spring-context-4.0.0.RELEASE.jar:4.0.0.RELEASE]
	at org.springframework.web.context.ContextLoader.configureAndRefreshWebApplicationContext(ContextLoader.java:381) ~[spring-web-4.0.0.RELEASE.jar:4.0.0.RELEASE]
	at org.springframework.web.context.ContextLoader.initWebApplicationContext(ContextLoader.java:293) ~[spring-web-4.0.0.RELEASE.jar:4.0.0.RELEASE]
	at org.springframework.web.context.ContextLoaderListener.contextInitialized(ContextLoaderListener.java:106) [spring-web-4.0.0.RELEASE.jar:4.0.0.RELEASE]
	at org.eclipse.jetty.server.handler.ContextHandler.startContext(ContextHandler.java:746) [jetty-webapp-7.6.11.v20130520.jar:7.6.11.v20130520]
	at org.eclipse.jetty.servlet.ServletContextHandler.startContext(ServletContextHandler.java:238) [jetty-webapp-7.6.11.v20130520.jar:7.6.11.v20130520]
	at org.eclipse.jetty.webapp.WebAppContext.startContext(WebAppContext.java:1240) [jetty-webapp-7.6.11.v20130520.jar:7.6.11.v20130520]
	at org.eclipse.jetty.server.handler.ContextHandler.doStart(ContextHandler.java:689) [jetty-webapp-7.6.11.v20130520.jar:7.6.11.v20130520]
	at org.eclipse.jetty.webapp.WebAppContext.doStart(WebAppContext.java:482) [jetty-webapp-7.6.11.v20130520.jar:7.6.11.v20130520]
	at org.eclipse.jetty.util.component.AbstractLifeCycle.start(AbstractLifeCycle.java:64) [jetty-webapp-7.6.11.v20130520.jar:7.6.11.v20130520]
	at org.eclipse.jetty.server.handler.HandlerWrapper.doStart(HandlerWrapper.java:95) [jetty-webapp-7.6.11.v20130520.jar:7.6.11.v20130520]
	at org.eclipse.jetty.server.Server.doStart(Server.java:281) [jetty-webapp-7.6.11.v20130520.jar:7.6.11.v20130520]
	at org.eclipse.jetty.util.component.AbstractLifeCycle.start(AbstractLifeCycle.java:64) [jetty-webapp-7.6.11.v20130520.jar:7.6.11.v20130520]
	at com.jhb.test.Application.main(Application.java:23) [test-classes/:na]
Caused by: org.springframework.beans.factory.BeanDefinitionStoreException: IOException parsing XML document from URL [file:/F:/RecentWork/TeachOnLine/Projects/jhb-parent/jhb-weixin/target/classes/spring/spring-config-mybatis.xml]; nested exception is java.io.FileNotFoundException: F:\RecentWork\TeachOnLine\Projects\jhb-parent\jhb-weixin\target\classes\spring\spring-config-mybatis.xml (系统找不到指定的文件。)
	at org.springframework.beans.factory.xml.XmlBeanDefinitionReader.loadBeanDefinitions(XmlBeanDefinitionReader.java:343) ~[spring-beans-4.0.0.RELEASE.jar:4.0.0.RELEASE]
	at org.springframework.beans.factory.xml.XmlBeanDefinitionReader.loadBeanDefinitions(XmlBeanDefinitionReader.java:303) ~[spring-beans-4.0.0.RELEASE.jar:4.0.0.RELEASE]
	at org.springframework.beans.factory.support.AbstractBeanDefinitionReader.loadBeanDefinitions(AbstractBeanDefinitionReader.java:180) ~[spring-beans-4.0.0.RELEASE.jar:4.0.0.RELEASE]
	at org.springframework.beans.factory.support.AbstractBeanDefinitionReader.loadBeanDefinitions(AbstractBeanDefinitionReader.java:216) ~[spring-beans-4.0.0.RELEASE.jar:4.0.0.RELEASE]
	at org.springframework.beans.factory.xml.DefaultBeanDefinitionDocumentReader.importBeanDefinitionResource(DefaultBeanDefinitionDocumentReader.java:263) ~[spring-beans-4.0.0.RELEASE.jar:4.0.0.RELEASE]
	... 29 common frames omitted
Caused by: java.io.FileNotFoundException: F:\RecentWork\TeachOnLine\Projects\jhb-parent\jhb-weixin\target\classes\spring\spring-config-mybatis.xml (系统找不到指定的文件。)
	at java.io.FileInputStream.open(Native Method) ~[na:1.7.0_79]
	at java.io.FileInputStream.<init>(FileInputStream.java:146) ~[na:1.7.0_79]
	at java.io.FileInputStream.<init>(FileInputStream.java:101) ~[na:1.7.0_79]
	at sun.net.www.protocol.file.FileURLConnection.connect(FileURLConnection.java:90) ~[na:1.7.0_79]
	at sun.net.www.protocol.file.FileURLConnection.getInputStream(FileURLConnection.java:188) ~[na:1.7.0_79]
	at org.springframework.core.io.UrlResource.getInputStream(UrlResource.java:168) ~[spring-core-4.0.0.RELEASE.jar:4.0.0.RELEASE]
	at org.springframework.beans.factory.xml.XmlBeanDefinitionReader.loadBeanDefinitions(XmlBeanDefinitionReader.java:329) ~[spring-beans-4.0.0.RELEASE.jar:4.0.0.RELEASE]
	... 33 common frames omitted
2016-09-06 00:27:03 [main] WARN  [WebAppContext.java:491]
				[]-Failed startup of context o.e.j.w.WebAppContext{/,file:/F:/RecentWork/TeachOnLine/Projects/jhb-parent/jhb-weixin/src/main/webapp/},src/main/webapp
org.springframework.beans.factory.parsing.BeanDefinitionParsingException: Configuration problem: Failed to import bean definitions from relative location [spring-config-mybatis.xml]
Offending resource: class path resource [spring/spring-config.xml]; nested exception is org.springframework.beans.factory.BeanDefinitionStoreException: IOException parsing XML document from URL [file:/F:/RecentWork/TeachOnLine/Projects/jhb-parent/jhb-weixin/target/classes/spring/spring-config-mybatis.xml]; nested exception is java.io.FileNotFoundException: F:\RecentWork\TeachOnLine\Projects\jhb-parent\jhb-weixin\target\classes\spring\spring-config-mybatis.xml (系统找不到指定的文件。)
	at org.springframework.beans.factory.parsing.FailFastProblemReporter.error(FailFastProblemReporter.java:70) ~[spring-beans-4.0.0.RELEASE.jar:4.0.0.RELEASE]
	at org.springframework.beans.factory.parsing.ReaderContext.error(ReaderContext.java:85) ~[spring-beans-4.0.0.RELEASE.jar:4.0.0.RELEASE]
	at org.springframework.beans.factory.parsing.ReaderContext.error(ReaderContext.java:76) ~[spring-beans-4.0.0.RELEASE.jar:4.0.0.RELEASE]
	at org.springframework.beans.factory.xml.DefaultBeanDefinitionDocumentReader.importBeanDefinitionResource(DefaultBeanDefinitionDocumentReader.java:274) ~[spring-beans-4.0.0.RELEASE.jar:4.0.0.RELEASE]
	at org.springframework.beans.factory.xml.DefaultBeanDefinitionDocumentReader.parseDefaultElement(DefaultBeanDefinitionDocumentReader.java:199) ~[spring-beans-4.0.0.RELEASE.jar:4.0.0.RELEASE]
	at org.springframework.beans.factory.xml.DefaultBeanDefinitionDocumentReader.parseBeanDefinitions(DefaultBeanDefinitionDocumentReader.java:184) ~[spring-beans-4.0.0.RELEASE.jar:4.0.0.RELEASE]
	at org.springframework.beans.factory.xml.DefaultBeanDefinitionDocumentReader.doRegisterBeanDefinitions(DefaultBeanDefinitionDocumentReader.java:141) ~[spring-beans-4.0.0.RELEASE.jar:4.0.0.RELEASE]
	at org.springframework.beans.factory.xml.DefaultBeanDefinitionDocumentReader.registerBeanDefinitions(DefaultBeanDefinitionDocumentReader.java:110) ~[spring-beans-4.0.0.RELEASE.jar:4.0.0.RELEASE]
	at org.springframework.beans.factory.xml.XmlBeanDefinitionReader.registerBeanDefinitions(XmlBeanDefinitionReader.java:508) ~[spring-beans-4.0.0.RELEASE.jar:4.0.0.RELEASE]
	at org.springframework.beans.factory.xml.XmlBeanDefinitionReader.doLoadBeanDefinitions(XmlBeanDefinitionReader.java:391) ~[spring-beans-4.0.0.RELEASE.jar:4.0.0.RELEASE]
	at org.springframework.beans.factory.xml.XmlBeanDefinitionReader.loadBeanDefinitions(XmlBeanDefinitionReader.java:335) ~[spring-beans-4.0.0.RELEASE.jar:4.0.0.RELEASE]
	at org.springframework.beans.factory.xml.XmlBeanDefinitionReader.loadBeanDefinitions(XmlBeanDefinitionReader.java:303) ~[spring-beans-4.0.0.RELEASE.jar:4.0.0.RELEASE]
	at org.springframework.beans.factory.support.AbstractBeanDefinitionReader.loadBeanDefinitions(AbstractBeanDefinitionReader.java:180) ~[spring-beans-4.0.0.RELEASE.jar:4.0.0.RELEASE]
	at org.springframework.beans.factory.support.AbstractBeanDefinitionReader.loadBeanDefinitions(AbstractBeanDefinitionReader.java:216) ~[spring-beans-4.0.0.RELEASE.jar:4.0.0.RELEASE]
	at org.springframework.beans.factory.support.AbstractBeanDefinitionReader.loadBeanDefinitions(AbstractBeanDefinitionReader.java:187) ~[spring-beans-4.0.0.RELEASE.jar:4.0.0.RELEASE]
	at org.springframework.web.context.support.XmlWebApplicationContext.loadBeanDefinitions(XmlWebApplicationContext.java:125) ~[spring-web-4.0.0.RELEASE.jar:4.0.0.RELEASE]
	at org.springframework.web.context.support.XmlWebApplicationContext.loadBeanDefinitions(XmlWebApplicationContext.java:94) ~[spring-web-4.0.0.RELEASE.jar:4.0.0.RELEASE]
	at org.springframework.context.support.AbstractRefreshableApplicationContext.refreshBeanFactory(AbstractRefreshableApplicationContext.java:129) ~[spring-context-4.0.0.RELEASE.jar:4.0.0.RELEASE]
	at org.springframework.context.support.AbstractApplicationContext.obtainFreshBeanFactory(AbstractApplicationContext.java:540) ~[spring-context-4.0.0.RELEASE.jar:4.0.0.RELEASE]
	at org.springframework.context.support.AbstractApplicationContext.refresh(AbstractApplicationContext.java:454) ~[spring-context-4.0.0.RELEASE.jar:4.0.0.RELEASE]
	at org.springframework.web.context.ContextLoader.configureAndRefreshWebApplicationContext(ContextLoader.java:381) ~[spring-web-4.0.0.RELEASE.jar:4.0.0.RELEASE]
	at org.springframework.web.context.ContextLoader.initWebApplicationContext(ContextLoader.java:293) ~[spring-web-4.0.0.RELEASE.jar:4.0.0.RELEASE]
	at org.springframework.web.context.ContextLoaderListener.contextInitialized(ContextLoaderListener.java:106) ~[spring-web-4.0.0.RELEASE.jar:4.0.0.RELEASE]
	at org.eclipse.jetty.server.handler.ContextHandler.startContext(ContextHandler.java:746) ~[jetty-webapp-7.6.11.v20130520.jar:7.6.11.v20130520]
	at org.eclipse.jetty.servlet.ServletContextHandler.startContext(ServletContextHandler.java:238) ~[jetty-webapp-7.6.11.v20130520.jar:7.6.11.v20130520]
	at org.eclipse.jetty.webapp.WebAppContext.startContext(WebAppContext.java:1240) ~[jetty-webapp-7.6.11.v20130520.jar:7.6.11.v20130520]
	at org.eclipse.jetty.server.handler.ContextHandler.doStart(ContextHandler.java:689) ~[jetty-webapp-7.6.11.v20130520.jar:7.6.11.v20130520]
	at org.eclipse.jetty.webapp.WebAppContext.doStart(WebAppContext.java:482) ~[jetty-webapp-7.6.11.v20130520.jar:7.6.11.v20130520]
	at org.eclipse.jetty.util.component.AbstractLifeCycle.start(AbstractLifeCycle.java:64) [jetty-webapp-7.6.11.v20130520.jar:7.6.11.v20130520]
	at org.eclipse.jetty.server.handler.HandlerWrapper.doStart(HandlerWrapper.java:95) [jetty-webapp-7.6.11.v20130520.jar:7.6.11.v20130520]
	at org.eclipse.jetty.server.Server.doStart(Server.java:281) [jetty-webapp-7.6.11.v20130520.jar:7.6.11.v20130520]
	at org.eclipse.jetty.util.component.AbstractLifeCycle.start(AbstractLifeCycle.java:64) [jetty-webapp-7.6.11.v20130520.jar:7.6.11.v20130520]
	at com.jhb.test.Application.main(Application.java:23) [test-classes/:na]
Caused by: org.springframework.beans.factory.BeanDefinitionStoreException: IOException parsing XML document from URL [file:/F:/RecentWork/TeachOnLine/Projects/jhb-parent/jhb-weixin/target/classes/spring/spring-config-mybatis.xml]; nested exception is java.io.FileNotFoundException: F:\RecentWork\TeachOnLine\Projects\jhb-parent\jhb-weixin\target\classes\spring\spring-config-mybatis.xml (系统找不到指定的文件。)
	at org.springframework.beans.factory.xml.XmlBeanDefinitionReader.loadBeanDefinitions(XmlBeanDefinitionReader.java:343) ~[spring-beans-4.0.0.RELEASE.jar:4.0.0.RELEASE]
	at org.springframework.beans.factory.xml.XmlBeanDefinitionReader.loadBeanDefinitions(XmlBeanDefinitionReader.java:303) ~[spring-beans-4.0.0.RELEASE.jar:4.0.0.RELEASE]
	at org.springframework.beans.factory.support.AbstractBeanDefinitionReader.loadBeanDefinitions(AbstractBeanDefinitionReader.java:180) ~[spring-beans-4.0.0.RELEASE.jar:4.0.0.RELEASE]
	at org.springframework.beans.factory.support.AbstractBeanDefinitionReader.loadBeanDefinitions(AbstractBeanDefinitionReader.java:216) ~[spring-beans-4.0.0.RELEASE.jar:4.0.0.RELEASE]
	at org.springframework.beans.factory.xml.DefaultBeanDefinitionDocumentReader.importBeanDefinitionResource(DefaultBeanDefinitionDocumentReader.java:263) ~[spring-beans-4.0.0.RELEASE.jar:4.0.0.RELEASE]
	... 29 common frames omitted
Caused by: java.io.FileNotFoundException: F:\RecentWork\TeachOnLine\Projects\jhb-parent\jhb-weixin\target\classes\spring\spring-config-mybatis.xml (系统找不到指定的文件。)
	at java.io.FileInputStream.open(Native Method) ~[na:1.7.0_79]
	at java.io.FileInputStream.<init>(FileInputStream.java:146) ~[na:1.7.0_79]
	at java.io.FileInputStream.<init>(FileInputStream.java:101) ~[na:1.7.0_79]
	at sun.net.www.protocol.file.FileURLConnection.connect(FileURLConnection.java:90) ~[na:1.7.0_79]
	at sun.net.www.protocol.file.FileURLConnection.getInputStream(FileURLConnection.java:188) ~[na:1.7.0_79]
	at org.springframework.core.io.UrlResource.getInputStream(UrlResource.java:168) ~[spring-core-4.0.0.RELEASE.jar:4.0.0.RELEASE]
	at org.springframework.beans.factory.xml.XmlBeanDefinitionReader.loadBeanDefinitions(XmlBeanDefinitionReader.java:329) ~[spring-beans-4.0.0.RELEASE.jar:4.0.0.RELEASE]
	... 33 common frames omitted
2016-09-06 00:27:03 [main] INFO  [AbstractConnector.java:338]
				[]-Started SelectChannelConnector@0.0.0.0:8890
2016-09-06 00:30:00 [main] INFO  [ContextHandler.java:1965]
				[]-Closing Spring root WebApplicationContext
2016-09-06 00:30:00 [main] INFO  [AbstractApplicationContext.java:873]
				[]-Closing Root WebApplicationContext: startup date [Tue Sep 06 00:27:02 CST 2016]; root of context hierarchy
2016-09-06 00:30:00 [main] WARN  [AbstractApplicationContext.java:883]
				[]-Exception thrown from ApplicationListener handling ContextClosedEvent
java.lang.IllegalStateException: ApplicationEventMulticaster not initialized - call 'refresh' before multicasting events via the context: Root WebApplicationContext: startup date [Tue Sep 06 00:27:02 CST 2016]; root of context hierarchy
	at org.springframework.context.support.AbstractApplicationContext.getApplicationEventMulticaster(AbstractApplicationContext.java:346) [spring-context-4.0.0.RELEASE.jar:4.0.0.RELEASE]
	at org.springframework.context.support.AbstractApplicationContext.publishEvent(AbstractApplicationContext.java:333) [spring-context-4.0.0.RELEASE.jar:4.0.0.RELEASE]
	at org.springframework.context.support.AbstractApplicationContext.doClose(AbstractApplicationContext.java:880) [spring-context-4.0.0.RELEASE.jar:4.0.0.RELEASE]
	at org.springframework.context.support.AbstractApplicationContext.close(AbstractApplicationContext.java:841) [spring-context-4.0.0.RELEASE.jar:4.0.0.RELEASE]
	at org.springframework.web.context.ContextLoader.closeWebApplicationContext(ContextLoader.java:551) [spring-web-4.0.0.RELEASE.jar:4.0.0.RELEASE]
	at org.springframework.web.context.ContextLoaderListener.contextDestroyed(ContextLoaderListener.java:115) [spring-web-4.0.0.RELEASE.jar:4.0.0.RELEASE]
	at org.eclipse.jetty.server.handler.ContextHandler.doStop(ContextHandler.java:785) [jetty-webapp-7.6.11.v20130520.jar:7.6.11.v20130520]
	at org.eclipse.jetty.servlet.ServletContextHandler.doStop(ServletContextHandler.java:149) [jetty-webapp-7.6.11.v20130520.jar:7.6.11.v20130520]
	at org.eclipse.jetty.webapp.WebAppContext.doStop(WebAppContext.java:506) [jetty-webapp-7.6.11.v20130520.jar:7.6.11.v20130520]
	at org.eclipse.jetty.util.component.AbstractLifeCycle.stop(AbstractLifeCycle.java:89) [jetty-webapp-7.6.11.v20130520.jar:7.6.11.v20130520]
	at com.jhb.test.JettyFactory.reloadContext(JettyFactory.java:75) [test-classes/:na]
	at com.jhb.test.Application.main(Application.java:31) [test-classes/:na]
2016-09-06 00:30:00 [main] WARN  [AbstractApplicationContext.java:891]
				[]-Exception thrown from LifecycleProcessor on context close
java.lang.IllegalStateException: LifecycleProcessor not initialized - call 'refresh' before invoking lifecycle methods via the context: Root WebApplicationContext: startup date [Tue Sep 06 00:27:02 CST 2016]; root of context hierarchy
	at org.springframework.context.support.AbstractApplicationContext.getLifecycleProcessor(AbstractApplicationContext.java:359) [spring-context-4.0.0.RELEASE.jar:4.0.0.RELEASE]
	at org.springframework.context.support.AbstractApplicationContext.doClose(AbstractApplicationContext.java:888) [spring-context-4.0.0.RELEASE.jar:4.0.0.RELEASE]
	at org.springframework.context.support.AbstractApplicationContext.close(AbstractApplicationContext.java:841) [spring-context-4.0.0.RELEASE.jar:4.0.0.RELEASE]
	at org.springframework.web.context.ContextLoader.closeWebApplicationContext(ContextLoader.java:551) [spring-web-4.0.0.RELEASE.jar:4.0.0.RELEASE]
	at org.springframework.web.context.ContextLoaderListener.contextDestroyed(ContextLoaderListener.java:115) [spring-web-4.0.0.RELEASE.jar:4.0.0.RELEASE]
	at org.eclipse.jetty.server.handler.ContextHandler.doStop(ContextHandler.java:785) [jetty-webapp-7.6.11.v20130520.jar:7.6.11.v20130520]
	at org.eclipse.jetty.servlet.ServletContextHandler.doStop(ServletContextHandler.java:149) [jetty-webapp-7.6.11.v20130520.jar:7.6.11.v20130520]
	at org.eclipse.jetty.webapp.WebAppContext.doStop(WebAppContext.java:506) [jetty-webapp-7.6.11.v20130520.jar:7.6.11.v20130520]
	at org.eclipse.jetty.util.component.AbstractLifeCycle.stop(AbstractLifeCycle.java:89) [jetty-webapp-7.6.11.v20130520.jar:7.6.11.v20130520]
	at com.jhb.test.JettyFactory.reloadContext(JettyFactory.java:75) [test-classes/:na]
	at com.jhb.test.Application.main(Application.java:31) [test-classes/:na]
2016-09-06 00:30:00 [main] INFO  [ContextHandler.java:801]
				[]-stopped o.e.j.w.WebAppContext{/,file:/F:/RecentWork/TeachOnLine/Projects/jhb-parent/jhb-weixin/src/main/webapp/},src/main/webapp
2016-09-06 00:30:00 [main] WARN  [AbstractLifeCycle.java:204]
				[]-FAILED o.e.j.w.WebAppContext{/,file:/F:/RecentWork/TeachOnLine/Projects/jhb-parent/jhb-weixin/src/main/webapp/},src/main/webapp: java.lang.IllegalStateException: BeanFactory not initialized or already closed - call 'refresh' before accessing beans via the ApplicationContext
java.lang.IllegalStateException: BeanFactory not initialized or already closed - call 'refresh' before accessing beans via the ApplicationContext
	at org.springframework.context.support.AbstractRefreshableApplicationContext.getBeanFactory(AbstractRefreshableApplicationContext.java:170) ~[spring-context-4.0.0.RELEASE.jar:4.0.0.RELEASE]
	at org.springframework.context.support.AbstractApplicationContext.destroyBeans(AbstractApplicationContext.java:921) ~[spring-context-4.0.0.RELEASE.jar:4.0.0.RELEASE]
	at org.springframework.context.support.AbstractApplicationContext.doClose(AbstractApplicationContext.java:895) ~[spring-context-4.0.0.RELEASE.jar:4.0.0.RELEASE]
	at org.springframework.context.support.AbstractApplicationContext.close(AbstractApplicationContext.java:841) ~[spring-context-4.0.0.RELEASE.jar:4.0.0.RELEASE]
	at org.springframework.web.context.ContextLoader.closeWebApplicationContext(ContextLoader.java:551) ~[spring-web-4.0.0.RELEASE.jar:4.0.0.RELEASE]
	at org.springframework.web.context.ContextLoaderListener.contextDestroyed(ContextLoaderListener.java:115) ~[spring-web-4.0.0.RELEASE.jar:4.0.0.RELEASE]
	at org.eclipse.jetty.server.handler.ContextHandler.doStop(ContextHandler.java:785) ~[jetty-webapp-7.6.11.v20130520.jar:7.6.11.v20130520]
	at org.eclipse.jetty.servlet.ServletContextHandler.doStop(ServletContextHandler.java:149) ~[jetty-webapp-7.6.11.v20130520.jar:7.6.11.v20130520]
	at org.eclipse.jetty.webapp.WebAppContext.doStop(WebAppContext.java:506) ~[jetty-webapp-7.6.11.v20130520.jar:7.6.11.v20130520]
	at org.eclipse.jetty.util.component.AbstractLifeCycle.stop(AbstractLifeCycle.java:89) ~[jetty-webapp-7.6.11.v20130520.jar:7.6.11.v20130520]
	at com.jhb.test.JettyFactory.reloadContext(JettyFactory.java:75) [test-classes/:na]
	at com.jhb.test.Application.main(Application.java:31) [test-classes/:na]
2016-09-06 00:30:00 [Thread-0] INFO  [ContextHandler.java:1965]
				[]-Closing Spring root WebApplicationContext
2016-09-06 00:30:00 [Thread-0] INFO  [ELContextCleaner.java:63]
				[]-javax.el.BeanELResolver purged
2016-09-06 00:30:00 [Thread-0] INFO  [ContextHandler.java:801]
				[]-stopped o.e.j.w.WebAppContext{/,file:/F:/RecentWork/TeachOnLine/Projects/jhb-parent/jhb-weixin/src/main/webapp/},src/main/webapp
2016-09-06 00:30:08 [main] INFO  [Server.java:271]
				[]-jetty-7.6.11.v20130520
2016-09-06 00:30:09 [main] INFO  [ContextHandler.java:1965]
				[]-Initializing Spring root WebApplicationContext
2016-09-06 00:30:09 [main] INFO  [ContextLoader.java:272]
				[]-Root WebApplicationContext: initialization started
2016-09-06 00:30:09 [main] INFO  [AbstractApplicationContext.java:513]
				[]-Refreshing Root WebApplicationContext: startup date [Tue Sep 06 00:30:09 CST 2016]; root of context hierarchy
2016-09-06 00:30:09 [main] INFO  [XmlBeanDefinitionReader.java:316]
				[]-Loading XML bean definitions from class path resource [spring/spring-config.xml]
2016-09-06 00:30:09 [main] INFO  [XmlBeanDefinitionReader.java:316]
				[]-Loading XML bean definitions from class path resource [spring/spring-config-mybatis.xml]
2016-09-06 00:30:10 [main] INFO  [XmlBeanDefinitionReader.java:316]
				[]-Loading XML bean definitions from class path resource [spring/spring-config-bean.xml]
2016-09-06 00:30:10 [main] INFO  [PropertiesLoaderSupport.java:172]
				[]-Loading properties file from class path resource [resources.dev.properties]
2016-09-06 00:30:13 [main] INFO  [DruidDataSource.java:642]
				[]-{dataSource-1} inited
2016-09-06 00:30:14 [main] INFO  [DruidDataSource.java:1253]
				[]-{dataSource-1} closed
2016-09-06 00:30:14 [main] ERROR [ContextLoader.java:318]
				[]-Context initialization failed
org.springframework.beans.factory.CannotLoadBeanClassException: Cannot find class [com.jhb.common.utils.SpringUtils] for bean with name 'springUtils' defined in class path resource [spring/spring-config-bean.xml]; nested exception is java.lang.ClassNotFoundException: com.jhb.common.utils.SpringUtils
	at org.springframework.beans.factory.support.AbstractBeanFactory.resolveBeanClass(AbstractBeanFactory.java:1327) ~[spring-beans-4.0.0.RELEASE.jar:4.0.0.RELEASE]
	at org.springframework.beans.factory.support.AbstractAutowireCapableBeanFactory.predictBeanType(AbstractAutowireCapableBeanFactory.java:594) ~[spring-beans-4.0.0.RELEASE.jar:4.0.0.RELEASE]
	at org.springframework.beans.factory.support.AbstractBeanFactory.isFactoryBean(AbstractBeanFactory.java:1396) ~[spring-beans-4.0.0.RELEASE.jar:4.0.0.RELEASE]
	at org.springframework.beans.factory.support.AbstractBeanFactory.isFactoryBean(AbstractBeanFactory.java:959) ~[spring-beans-4.0.0.RELEASE.jar:4.0.0.RELEASE]
	at org.springframework.beans.factory.support.DefaultListableBeanFactory.preInstantiateSingletons(DefaultListableBeanFactory.java:680) ~[spring-beans-4.0.0.RELEASE.jar:4.0.0.RELEASE]
	at org.springframework.context.support.AbstractApplicationContext.finishBeanFactoryInitialization(AbstractApplicationContext.java:760) ~[spring-context-4.0.0.RELEASE.jar:4.0.0.RELEASE]
	at org.springframework.context.support.AbstractApplicationContext.refresh(AbstractApplicationContext.java:482) ~[spring-context-4.0.0.RELEASE.jar:4.0.0.RELEASE]
	at org.springframework.web.context.ContextLoader.configureAndRefreshWebApplicationContext(ContextLoader.java:381) ~[spring-web-4.0.0.RELEASE.jar:4.0.0.RELEASE]
	at org.springframework.web.context.ContextLoader.initWebApplicationContext(ContextLoader.java:293) ~[spring-web-4.0.0.RELEASE.jar:4.0.0.RELEASE]
	at org.springframework.web.context.ContextLoaderListener.contextInitialized(ContextLoaderListener.java:106) [spring-web-4.0.0.RELEASE.jar:4.0.0.RELEASE]
	at org.eclipse.jetty.server.handler.ContextHandler.startContext(ContextHandler.java:746) [jetty-webapp-7.6.11.v20130520.jar:7.6.11.v20130520]
	at org.eclipse.jetty.servlet.ServletContextHandler.startContext(ServletContextHandler.java:238) [jetty-webapp-7.6.11.v20130520.jar:7.6.11.v20130520]
	at org.eclipse.jetty.webapp.WebAppContext.startContext(WebAppContext.java:1240) [jetty-webapp-7.6.11.v20130520.jar:7.6.11.v20130520]
	at org.eclipse.jetty.server.handler.ContextHandler.doStart(ContextHandler.java:689) [jetty-webapp-7.6.11.v20130520.jar:7.6.11.v20130520]
	at org.eclipse.jetty.webapp.WebAppContext.doStart(WebAppContext.java:482) [jetty-webapp-7.6.11.v20130520.jar:7.6.11.v20130520]
	at org.eclipse.jetty.util.component.AbstractLifeCycle.start(AbstractLifeCycle.java:64) [jetty-webapp-7.6.11.v20130520.jar:7.6.11.v20130520]
	at org.eclipse.jetty.server.handler.HandlerWrapper.doStart(HandlerWrapper.java:95) [jetty-webapp-7.6.11.v20130520.jar:7.6.11.v20130520]
	at org.eclipse.jetty.server.Server.doStart(Server.java:281) [jetty-webapp-7.6.11.v20130520.jar:7.6.11.v20130520]
	at org.eclipse.jetty.util.component.AbstractLifeCycle.start(AbstractLifeCycle.java:64) [jetty-webapp-7.6.11.v20130520.jar:7.6.11.v20130520]
	at com.jhb.test.Application.main(Application.java:23) [test-classes/:na]
Caused by: java.lang.ClassNotFoundException: com.jhb.common.utils.SpringUtils
	at java.net.URLClassLoader$1.run(URLClassLoader.java:366) ~[na:1.7.0_79]
	at java.net.URLClassLoader$1.run(URLClassLoader.java:355) ~[na:1.7.0_79]
	at java.security.AccessController.doPrivileged(Native Method) ~[na:1.7.0_79]
	at java.net.URLClassLoader.findClass(URLClassLoader.java:354) ~[na:1.7.0_79]
	at java.lang.ClassLoader.loadClass(ClassLoader.java:425) ~[na:1.7.0_79]
	at sun.misc.Launcher$AppClassLoader.loadClass(Launcher.java:308) ~[na:1.7.0_79]
	at java.lang.ClassLoader.loadClass(ClassLoader.java:358) ~[na:1.7.0_79]
	at org.eclipse.jetty.webapp.WebAppClassLoader.loadClass(WebAppClassLoader.java:430) ~[jetty-webapp-7.6.11.v20130520.jar:7.6.11.v20130520]
	at org.eclipse.jetty.webapp.WebAppClassLoader.loadClass(WebAppClassLoader.java:383) ~[jetty-webapp-7.6.11.v20130520.jar:7.6.11.v20130520]
	at org.springframework.util.ClassUtils.forName(ClassUtils.java:238) ~[spring-core-4.0.0.RELEASE.jar:4.0.0.RELEASE]
	at org.springframework.beans.factory.support.AbstractBeanDefinition.resolveBeanClass(AbstractBeanDefinition.java:392) ~[spring-beans-4.0.0.RELEASE.jar:4.0.0.RELEASE]
	at org.springframework.beans.factory.support.AbstractBeanFactory.doResolveBeanClass(AbstractBeanFactory.java:1348) ~[spring-beans-4.0.0.RELEASE.jar:4.0.0.RELEASE]
	at org.springframework.beans.factory.support.AbstractBeanFactory.resolveBeanClass(AbstractBeanFactory.java:1319) ~[spring-beans-4.0.0.RELEASE.jar:4.0.0.RELEASE]
	... 19 common frames omitted
2016-09-06 00:30:14 [main] WARN  [WebAppContext.java:491]
				[]-Failed startup of context o.e.j.w.WebAppContext{/,file:/F:/RecentWork/TeachOnLine/Projects/jhb-parent/jhb-weixin/src/main/webapp/},src/main/webapp
org.springframework.beans.factory.CannotLoadBeanClassException: Cannot find class [com.jhb.common.utils.SpringUtils] for bean with name 'springUtils' defined in class path resource [spring/spring-config-bean.xml]; nested exception is java.lang.ClassNotFoundException: com.jhb.common.utils.SpringUtils
	at org.springframework.beans.factory.support.AbstractBeanFactory.resolveBeanClass(AbstractBeanFactory.java:1327) ~[spring-beans-4.0.0.RELEASE.jar:4.0.0.RELEASE]
	at org.springframework.beans.factory.support.AbstractAutowireCapableBeanFactory.predictBeanType(AbstractAutowireCapableBeanFactory.java:594) ~[spring-beans-4.0.0.RELEASE.jar:4.0.0.RELEASE]
	at org.springframework.beans.factory.support.AbstractBeanFactory.isFactoryBean(AbstractBeanFactory.java:1396) ~[spring-beans-4.0.0.RELEASE.jar:4.0.0.RELEASE]
	at org.springframework.beans.factory.support.AbstractBeanFactory.isFactoryBean(AbstractBeanFactory.java:959) ~[spring-beans-4.0.0.RELEASE.jar:4.0.0.RELEASE]
	at org.springframework.beans.factory.support.DefaultListableBeanFactory.preInstantiateSingletons(DefaultListableBeanFactory.java:680) ~[spring-beans-4.0.0.RELEASE.jar:4.0.0.RELEASE]
	at org.springframework.context.support.AbstractApplicationContext.finishBeanFactoryInitialization(AbstractApplicationContext.java:760) ~[spring-context-4.0.0.RELEASE.jar:4.0.0.RELEASE]
	at org.springframework.context.support.AbstractApplicationContext.refresh(AbstractApplicationContext.java:482) ~[spring-context-4.0.0.RELEASE.jar:4.0.0.RELEASE]
	at org.springframework.web.context.ContextLoader.configureAndRefreshWebApplicationContext(ContextLoader.java:381) ~[spring-web-4.0.0.RELEASE.jar:4.0.0.RELEASE]
	at org.springframework.web.context.ContextLoader.initWebApplicationContext(ContextLoader.java:293) ~[spring-web-4.0.0.RELEASE.jar:4.0.0.RELEASE]
	at org.springframework.web.context.ContextLoaderListener.contextInitialized(ContextLoaderListener.java:106) ~[spring-web-4.0.0.RELEASE.jar:4.0.0.RELEASE]
	at org.eclipse.jetty.server.handler.ContextHandler.startContext(ContextHandler.java:746) ~[jetty-webapp-7.6.11.v20130520.jar:7.6.11.v20130520]
	at org.eclipse.jetty.servlet.ServletContextHandler.startContext(ServletContextHandler.java:238) ~[jetty-webapp-7.6.11.v20130520.jar:7.6.11.v20130520]
	at org.eclipse.jetty.webapp.WebAppContext.startContext(WebAppContext.java:1240) ~[jetty-webapp-7.6.11.v20130520.jar:7.6.11.v20130520]
	at org.eclipse.jetty.server.handler.ContextHandler.doStart(ContextHandler.java:689) ~[jetty-webapp-7.6.11.v20130520.jar:7.6.11.v20130520]
	at org.eclipse.jetty.webapp.WebAppContext.doStart(WebAppContext.java:482) ~[jetty-webapp-7.6.11.v20130520.jar:7.6.11.v20130520]
	at org.eclipse.jetty.util.component.AbstractLifeCycle.start(AbstractLifeCycle.java:64) [jetty-webapp-7.6.11.v20130520.jar:7.6.11.v20130520]
	at org.eclipse.jetty.server.handler.HandlerWrapper.doStart(HandlerWrapper.java:95) [jetty-webapp-7.6.11.v20130520.jar:7.6.11.v20130520]
	at org.eclipse.jetty.server.Server.doStart(Server.java:281) [jetty-webapp-7.6.11.v20130520.jar:7.6.11.v20130520]
	at org.eclipse.jetty.util.component.AbstractLifeCycle.start(AbstractLifeCycle.java:64) [jetty-webapp-7.6.11.v20130520.jar:7.6.11.v20130520]
	at com.jhb.test.Application.main(Application.java:23) [test-classes/:na]
Caused by: java.lang.ClassNotFoundException: com.jhb.common.utils.SpringUtils
	at java.net.URLClassLoader$1.run(URLClassLoader.java:366) ~[na:1.7.0_79]
	at java.net.URLClassLoader$1.run(URLClassLoader.java:355) ~[na:1.7.0_79]
	at java.security.AccessController.doPrivileged(Native Method) ~[na:1.7.0_79]
	at java.net.URLClassLoader.findClass(URLClassLoader.java:354) ~[na:1.7.0_79]
	at java.lang.ClassLoader.loadClass(ClassLoader.java:425) ~[na:1.7.0_79]
	at sun.misc.Launcher$AppClassLoader.loadClass(Launcher.java:308) ~[na:1.7.0_79]
	at java.lang.ClassLoader.loadClass(ClassLoader.java:358) ~[na:1.7.0_79]
	at org.eclipse.jetty.webapp.WebAppClassLoader.loadClass(WebAppClassLoader.java:430) ~[jetty-webapp-7.6.11.v20130520.jar:7.6.11.v20130520]
	at org.eclipse.jetty.webapp.WebAppClassLoader.loadClass(WebAppClassLoader.java:383) ~[jetty-webapp-7.6.11.v20130520.jar:7.6.11.v20130520]
	at org.springframework.util.ClassUtils.forName(ClassUtils.java:238) ~[spring-core-4.0.0.RELEASE.jar:4.0.0.RELEASE]
	at org.springframework.beans.factory.support.AbstractBeanDefinition.resolveBeanClass(AbstractBeanDefinition.java:392) ~[spring-beans-4.0.0.RELEASE.jar:4.0.0.RELEASE]
	at org.springframework.beans.factory.support.AbstractBeanFactory.doResolveBeanClass(AbstractBeanFactory.java:1348) ~[spring-beans-4.0.0.RELEASE.jar:4.0.0.RELEASE]
	at org.springframework.beans.factory.support.AbstractBeanFactory.resolveBeanClass(AbstractBeanFactory.java:1319) ~[spring-beans-4.0.0.RELEASE.jar:4.0.0.RELEASE]
	... 19 common frames omitted
2016-09-06 00:30:14 [main] INFO  [AbstractConnector.java:338]
				[]-Started SelectChannelConnector@0.0.0.0:8890
2016-09-06 00:32:50 [main] INFO  [ContextHandler.java:1965]
				[]-Closing Spring root WebApplicationContext
2016-09-06 00:32:50 [main] INFO  [ELContextCleaner.java:63]
				[]-javax.el.BeanELResolver purged
2016-09-06 00:32:50 [main] INFO  [ContextHandler.java:801]
				[]-stopped o.e.j.w.WebAppContext{/,file:/F:/RecentWork/TeachOnLine/Projects/jhb-parent/jhb-weixin/src/main/webapp/},src/main/webapp
2016-09-06 00:32:50 [main] INFO  [ContextHandler.java:1965]
				[]-Initializing Spring root WebApplicationContext
2016-09-06 00:32:50 [main] INFO  [ContextLoader.java:272]
				[]-Root WebApplicationContext: initialization started
2016-09-06 00:32:50 [main] INFO  [AbstractApplicationContext.java:513]
				[]-Refreshing Root WebApplicationContext: startup date [Tue Sep 06 00:32:50 CST 2016]; root of context hierarchy
2016-09-06 00:32:50 [main] INFO  [XmlBeanDefinitionReader.java:316]
				[]-Loading XML bean definitions from class path resource [spring/spring-config.xml]
2016-09-06 00:32:50 [main] INFO  [XmlBeanDefinitionReader.java:316]
				[]-Loading XML bean definitions from class path resource [spring/spring-config-mybatis.xml]
2016-09-06 00:32:50 [main] INFO  [XmlBeanDefinitionReader.java:316]
				[]-Loading XML bean definitions from class path resource [spring/spring-config-bean.xml]
2016-09-06 00:32:51 [main] INFO  [PropertiesLoaderSupport.java:172]
				[]-Loading properties file from class path resource [resources.dev.properties]
2016-09-06 00:32:51 [main] INFO  [DruidDataSource.java:642]
				[]-{dataSource-2} inited
2016-09-06 00:32:52 [main] INFO  [ContextLoader.java:312]
				[]-Root WebApplicationContext: initialization completed in 1323 ms
2016-09-06 00:32:52 [main] INFO  [ContextHandler.java:750]
				[]-started o.e.j.w.WebAppContext{/,file:/F:/RecentWork/TeachOnLine/Projects/jhb-parent/jhb-weixin/src/main/webapp/},src/main/webapp
2016-09-06 00:32:52 [main] INFO  [ContextHandler.java:1965]
				[]-Initializing Spring FrameworkServlet 'spring'
2016-09-06 00:32:52 [main] INFO  [FrameworkServlet.java:461]
				[]-FrameworkServlet 'spring': initialization started
2016-09-06 00:32:52 [main] INFO  [AbstractApplicationContext.java:513]
				[]-Refreshing WebApplicationContext for namespace 'spring-servlet': startup date [Tue Sep 06 00:32:52 CST 2016]; parent: Root WebApplicationContext
2016-09-06 00:32:52 [main] INFO  [XmlBeanDefinitionReader.java:316]
				[]-Loading XML bean definitions from class path resource [spring/spring-mvc.xml]
2016-09-06 00:32:52 [main] ERROR [FrameworkServlet.java:474]
				[]-Context initialization failed
org.springframework.beans.factory.BeanCreationException: Error creating bean with name 'loginController': Injection of autowired dependencies failed; nested exception is org.springframework.beans.factory.BeanCreationException: Could not autowire field: private org.jhb.service.TestService com.jhb.web.LoginController.testService; nested exception is org.springframework.beans.factory.NoSuchBeanDefinitionException: No qualifying bean of type [org.jhb.service.TestService] found for dependency: expected at least 1 bean which qualifies as autowire candidate for this dependency. Dependency annotations: {@org.springframework.beans.factory.annotation.Autowired(required=true)}
	at org.springframework.beans.factory.annotation.AutowiredAnnotationBeanPostProcessor.postProcessPropertyValues(AutowiredAnnotationBeanPostProcessor.java:292) ~[spring-beans-4.0.0.RELEASE.jar:4.0.0.RELEASE]
	at org.springframework.beans.factory.support.AbstractAutowireCapableBeanFactory.populateBean(AbstractAutowireCapableBeanFactory.java:1185) ~[spring-beans-4.0.0.RELEASE.jar:4.0.0.RELEASE]
	at org.springframework.beans.factory.support.AbstractAutowireCapableBeanFactory.doCreateBean(AbstractAutowireCapableBeanFactory.java:537) ~[spring-beans-4.0.0.RELEASE.jar:4.0.0.RELEASE]
	at org.springframework.beans.factory.support.AbstractAutowireCapableBeanFactory.createBean(AbstractAutowireCapableBeanFactory.java:475) ~[spring-beans-4.0.0.RELEASE.jar:4.0.0.RELEASE]
	at org.springframework.beans.factory.support.AbstractBeanFactory$1.getObject(AbstractBeanFactory.java:304) ~[spring-beans-4.0.0.RELEASE.jar:4.0.0.RELEASE]
	at org.springframework.beans.factory.support.DefaultSingletonBeanRegistry.getSingleton(DefaultSingletonBeanRegistry.java:228) ~[spring-beans-4.0.0.RELEASE.jar:4.0.0.RELEASE]
	at org.springframework.beans.factory.support.AbstractBeanFactory.doGetBean(AbstractBeanFactory.java:300) ~[spring-beans-4.0.0.RELEASE.jar:4.0.0.RELEASE]
	at org.springframework.beans.factory.support.AbstractBeanFactory.getBean(AbstractBeanFactory.java:195) ~[spring-beans-4.0.0.RELEASE.jar:4.0.0.RELEASE]
	at org.springframework.beans.factory.support.DefaultListableBeanFactory.preInstantiateSingletons(DefaultListableBeanFactory.java:700) ~[spring-beans-4.0.0.RELEASE.jar:4.0.0.RELEASE]
	at org.springframework.context.support.AbstractApplicationContext.finishBeanFactoryInitialization(AbstractApplicationContext.java:760) ~[spring-context-4.0.0.RELEASE.jar:4.0.0.RELEASE]
	at org.springframework.context.support.AbstractApplicationContext.refresh(AbstractApplicationContext.java:482) ~[spring-context-4.0.0.RELEASE.jar:4.0.0.RELEASE]
	at org.springframework.web.servlet.FrameworkServlet.configureAndRefreshWebApplicationContext(FrameworkServlet.java:643) ~[spring-webmvc-4.0.0.RELEASE.jar:4.0.0.RELEASE]
	at org.springframework.web.servlet.FrameworkServlet.createWebApplicationContext(FrameworkServlet.java:606) ~[spring-webmvc-4.0.0.RELEASE.jar:4.0.0.RELEASE]
	at org.springframework.web.servlet.FrameworkServlet.createWebApplicationContext(FrameworkServlet.java:657) ~[spring-webmvc-4.0.0.RELEASE.jar:4.0.0.RELEASE]
	at org.springframework.web.servlet.FrameworkServlet.initWebApplicationContext(FrameworkServlet.java:525) ~[spring-webmvc-4.0.0.RELEASE.jar:4.0.0.RELEASE]
	at org.springframework.web.servlet.FrameworkServlet.initServletBean(FrameworkServlet.java:466) ~[spring-webmvc-4.0.0.RELEASE.jar:4.0.0.RELEASE]
	at org.springframework.web.servlet.HttpServletBean.init(HttpServletBean.java:136) [spring-webmvc-4.0.0.RELEASE.jar:4.0.0.RELEASE]
	at javax.servlet.GenericServlet.init(GenericServlet.java:241) [javax.servlet-2.5.0.v201103041518.jar:na]
	at org.eclipse.jetty.servlet.ServletHolder.initServlet(ServletHolder.java:477) [jetty-webapp-7.6.11.v20130520.jar:7.6.11.v20130520]
	at org.eclipse.jetty.servlet.ServletHolder.doStart(ServletHolder.java:293) [jetty-webapp-7.6.11.v20130520.jar:7.6.11.v20130520]
	at org.eclipse.jetty.util.component.AbstractLifeCycle.start(AbstractLifeCycle.java:64) [jetty-webapp-7.6.11.v20130520.jar:7.6.11.v20130520]
	at org.eclipse.jetty.servlet.ServletHandler.initialize(ServletHandler.java:730) [jetty-webapp-7.6.11.v20130520.jar:7.6.11.v20130520]
	at org.eclipse.jetty.servlet.ServletContextHandler.startContext(ServletContextHandler.java:254) [jetty-webapp-7.6.11.v20130520.jar:7.6.11.v20130520]
	at org.eclipse.jetty.webapp.WebAppContext.startContext(WebAppContext.java:1240) [jetty-webapp-7.6.11.v20130520.jar:7.6.11.v20130520]
	at org.eclipse.jetty.server.handler.ContextHandler.doStart(ContextHandler.java:689) [jetty-webapp-7.6.11.v20130520.jar:7.6.11.v20130520]
	at org.eclipse.jetty.webapp.WebAppContext.doStart(WebAppContext.java:482) [jetty-webapp-7.6.11.v20130520.jar:7.6.11.v20130520]
	at org.eclipse.jetty.util.component.AbstractLifeCycle.start(AbstractLifeCycle.java:64) [jetty-webapp-7.6.11.v20130520.jar:7.6.11.v20130520]
	at com.jhb.test.JettyFactory.reloadContext(JettyFactory.java:82) [test-classes/:na]
	at com.jhb.test.Application.main(Application.java:31) [test-classes/:na]
Caused by: org.springframework.beans.factory.BeanCreationException: Could not autowire field: private org.jhb.service.TestService com.jhb.web.LoginController.testService; nested exception is org.springframework.beans.factory.NoSuchBeanDefinitionException: No qualifying bean of type [org.jhb.service.TestService] found for dependency: expected at least 1 bean which qualifies as autowire candidate for this dependency. Dependency annotations: {@org.springframework.beans.factory.annotation.Autowired(required=true)}
	at org.springframework.beans.factory.annotation.AutowiredAnnotationBeanPostProcessor$AutowiredFieldElement.inject(AutowiredAnnotationBeanPostProcessor.java:508) ~[spring-beans-4.0.0.RELEASE.jar:4.0.0.RELEASE]
	at org.springframework.beans.factory.annotation.InjectionMetadata.inject(InjectionMetadata.java:87) ~[spring-beans-4.0.0.RELEASE.jar:4.0.0.RELEASE]
	at org.springframework.beans.factory.annotation.AutowiredAnnotationBeanPostProcessor.postProcessPropertyValues(AutowiredAnnotationBeanPostProcessor.java:289) ~[spring-beans-4.0.0.RELEASE.jar:4.0.0.RELEASE]
	... 28 common frames omitted
Caused by: org.springframework.beans.factory.NoSuchBeanDefinitionException: No qualifying bean of type [org.jhb.service.TestService] found for dependency: expected at least 1 bean which qualifies as autowire candidate for this dependency. Dependency annotations: {@org.springframework.beans.factory.annotation.Autowired(required=true)}
	at org.springframework.beans.factory.support.DefaultListableBeanFactory.raiseNoSuchBeanDefinitionException(DefaultListableBeanFactory.java:1100) ~[spring-beans-4.0.0.RELEASE.jar:4.0.0.RELEASE]
	at org.springframework.beans.factory.support.DefaultListableBeanFactory.doResolveDependency(DefaultListableBeanFactory.java:960) ~[spring-beans-4.0.0.RELEASE.jar:4.0.0.RELEASE]
	at org.springframework.beans.factory.support.DefaultListableBeanFactory.resolveDependency(DefaultListableBeanFactory.java:855) ~[spring-beans-4.0.0.RELEASE.jar:4.0.0.RELEASE]
	at org.springframework.beans.factory.annotation.AutowiredAnnotationBeanPostProcessor$AutowiredFieldElement.inject(AutowiredAnnotationBeanPostProcessor.java:480) ~[spring-beans-4.0.0.RELEASE.jar:4.0.0.RELEASE]
	... 30 common frames omitted
2016-09-06 00:32:52 [main] WARN  [ContextHandler.java:1974]
				[]-unavailable
org.springframework.beans.factory.BeanCreationException: Error creating bean with name 'loginController': Injection of autowired dependencies failed; nested exception is org.springframework.beans.factory.BeanCreationException: Could not autowire field: private org.jhb.service.TestService com.jhb.web.LoginController.testService; nested exception is org.springframework.beans.factory.NoSuchBeanDefinitionException: No qualifying bean of type [org.jhb.service.TestService] found for dependency: expected at least 1 bean which qualifies as autowire candidate for this dependency. Dependency annotations: {@org.springframework.beans.factory.annotation.Autowired(required=true)}
	at org.springframework.beans.factory.annotation.AutowiredAnnotationBeanPostProcessor.postProcessPropertyValues(AutowiredAnnotationBeanPostProcessor.java:292) ~[spring-beans-4.0.0.RELEASE.jar:4.0.0.RELEASE]
	at org.springframework.beans.factory.support.AbstractAutowireCapableBeanFactory.populateBean(AbstractAutowireCapableBeanFactory.java:1185) ~[spring-beans-4.0.0.RELEASE.jar:4.0.0.RELEASE]
	at org.springframework.beans.factory.support.AbstractAutowireCapableBeanFactory.doCreateBean(AbstractAutowireCapableBeanFactory.java:537) ~[spring-beans-4.0.0.RELEASE.jar:4.0.0.RELEASE]
	at org.springframework.beans.factory.support.AbstractAutowireCapableBeanFactory.createBean(AbstractAutowireCapableBeanFactory.java:475) ~[spring-beans-4.0.0.RELEASE.jar:4.0.0.RELEASE]
	at org.springframework.beans.factory.support.AbstractBeanFactory$1.getObject(AbstractBeanFactory.java:304) ~[spring-beans-4.0.0.RELEASE.jar:4.0.0.RELEASE]
	at org.springframework.beans.factory.support.DefaultSingletonBeanRegistry.getSingleton(DefaultSingletonBeanRegistry.java:228) ~[spring-beans-4.0.0.RELEASE.jar:4.0.0.RELEASE]
	at org.springframework.beans.factory.support.AbstractBeanFactory.doGetBean(AbstractBeanFactory.java:300) ~[spring-beans-4.0.0.RELEASE.jar:4.0.0.RELEASE]
	at org.springframework.beans.factory.support.AbstractBeanFactory.getBean(AbstractBeanFactory.java:195) ~[spring-beans-4.0.0.RELEASE.jar:4.0.0.RELEASE]
	at org.springframework.beans.factory.support.DefaultListableBeanFactory.preInstantiateSingletons(DefaultListableBeanFactory.java:700) ~[spring-beans-4.0.0.RELEASE.jar:4.0.0.RELEASE]
	at org.springframework.context.support.AbstractApplicationContext.finishBeanFactoryInitialization(AbstractApplicationContext.java:760) ~[spring-context-4.0.0.RELEASE.jar:4.0.0.RELEASE]
	at org.springframework.context.support.AbstractApplicationContext.refresh(AbstractApplicationContext.java:482) ~[spring-context-4.0.0.RELEASE.jar:4.0.0.RELEASE]
	at org.springframework.web.servlet.FrameworkServlet.configureAndRefreshWebApplicationContext(FrameworkServlet.java:643) ~[spring-webmvc-4.0.0.RELEASE.jar:4.0.0.RELEASE]
	at org.springframework.web.servlet.FrameworkServlet.createWebApplicationContext(FrameworkServlet.java:606) ~[spring-webmvc-4.0.0.RELEASE.jar:4.0.0.RELEASE]
	at org.springframework.web.servlet.FrameworkServlet.createWebApplicationContext(FrameworkServlet.java:657) ~[spring-webmvc-4.0.0.RELEASE.jar:4.0.0.RELEASE]
	at org.springframework.web.servlet.FrameworkServlet.initWebApplicationContext(FrameworkServlet.java:525) ~[spring-webmvc-4.0.0.RELEASE.jar:4.0.0.RELEASE]
	at org.springframework.web.servlet.FrameworkServlet.initServletBean(FrameworkServlet.java:466) ~[spring-webmvc-4.0.0.RELEASE.jar:4.0.0.RELEASE]
	at org.springframework.web.servlet.HttpServletBean.init(HttpServletBean.java:136) ~[spring-webmvc-4.0.0.RELEASE.jar:4.0.0.RELEASE]
	at javax.servlet.GenericServlet.init(GenericServlet.java:241) ~[javax.servlet-2.5.0.v201103041518.jar:na]
	at org.eclipse.jetty.servlet.ServletHolder.initServlet(ServletHolder.java:477) [jetty-webapp-7.6.11.v20130520.jar:7.6.11.v20130520]
	at org.eclipse.jetty.servlet.ServletHolder.doStart(ServletHolder.java:293) [jetty-webapp-7.6.11.v20130520.jar:7.6.11.v20130520]
	at org.eclipse.jetty.util.component.AbstractLifeCycle.start(AbstractLifeCycle.java:64) [jetty-webapp-7.6.11.v20130520.jar:7.6.11.v20130520]
	at org.eclipse.jetty.servlet.ServletHandler.initialize(ServletHandler.java:730) [jetty-webapp-7.6.11.v20130520.jar:7.6.11.v20130520]
	at org.eclipse.jetty.servlet.ServletContextHandler.startContext(ServletContextHandler.java:254) [jetty-webapp-7.6.11.v20130520.jar:7.6.11.v20130520]
	at org.eclipse.jetty.webapp.WebAppContext.startContext(WebAppContext.java:1240) [jetty-webapp-7.6.11.v20130520.jar:7.6.11.v20130520]
	at org.eclipse.jetty.server.handler.ContextHandler.doStart(ContextHandler.java:689) [jetty-webapp-7.6.11.v20130520.jar:7.6.11.v20130520]
	at org.eclipse.jetty.webapp.WebAppContext.doStart(WebAppContext.java:482) [jetty-webapp-7.6.11.v20130520.jar:7.6.11.v20130520]
	at org.eclipse.jetty.util.component.AbstractLifeCycle.start(AbstractLifeCycle.java:64) [jetty-webapp-7.6.11.v20130520.jar:7.6.11.v20130520]
	at com.jhb.test.JettyFactory.reloadContext(JettyFactory.java:82) [test-classes/:na]
	at com.jhb.test.Application.main(Application.java:31) [test-classes/:na]
Caused by: org.springframework.beans.factory.BeanCreationException: Could not autowire field: private org.jhb.service.TestService com.jhb.web.LoginController.testService; nested exception is org.springframework.beans.factory.NoSuchBeanDefinitionException: No qualifying bean of type [org.jhb.service.TestService] found for dependency: expected at least 1 bean which qualifies as autowire candidate for this dependency. Dependency annotations: {@org.springframework.beans.factory.annotation.Autowired(required=true)}
	at org.springframework.beans.factory.annotation.AutowiredAnnotationBeanPostProcessor$AutowiredFieldElement.inject(AutowiredAnnotationBeanPostProcessor.java:508) ~[spring-beans-4.0.0.RELEASE.jar:4.0.0.RELEASE]
	at org.springframework.beans.factory.annotation.InjectionMetadata.inject(InjectionMetadata.java:87) ~[spring-beans-4.0.0.RELEASE.jar:4.0.0.RELEASE]
	at org.springframework.beans.factory.annotation.AutowiredAnnotationBeanPostProcessor.postProcessPropertyValues(AutowiredAnnotationBeanPostProcessor.java:289) ~[spring-beans-4.0.0.RELEASE.jar:4.0.0.RELEASE]
	... 28 common frames omitted
Caused by: org.springframework.beans.factory.NoSuchBeanDefinitionException: No qualifying bean of type [org.jhb.service.TestService] found for dependency: expected at least 1 bean which qualifies as autowire candidate for this dependency. Dependency annotations: {@org.springframework.beans.factory.annotation.Autowired(required=true)}
	at org.springframework.beans.factory.support.DefaultListableBeanFactory.raiseNoSuchBeanDefinitionException(DefaultListableBeanFactory.java:1100) ~[spring-beans-4.0.0.RELEASE.jar:4.0.0.RELEASE]
	at org.springframework.beans.factory.support.DefaultListableBeanFactory.doResolveDependency(DefaultListableBeanFactory.java:960) ~[spring-beans-4.0.0.RELEASE.jar:4.0.0.RELEASE]
	at org.springframework.beans.factory.support.DefaultListableBeanFactory.resolveDependency(DefaultListableBeanFactory.java:855) ~[spring-beans-4.0.0.RELEASE.jar:4.0.0.RELEASE]
	at org.springframework.beans.factory.annotation.AutowiredAnnotationBeanPostProcessor$AutowiredFieldElement.inject(AutowiredAnnotationBeanPostProcessor.java:480) ~[spring-beans-4.0.0.RELEASE.jar:4.0.0.RELEASE]
	... 30 common frames omitted
2016-09-06 00:33:54 [main] INFO  [ContextHandler.java:1965]
				[]-Closing Spring root WebApplicationContext
2016-09-06 00:33:54 [main] INFO  [AbstractApplicationContext.java:873]
				[]-Closing Root WebApplicationContext: startup date [Tue Sep 06 00:32:50 CST 2016]; root of context hierarchy
2016-09-06 00:33:54 [main] INFO  [DruidDataSource.java:1253]
				[]-{dataSource-2} closed
2016-09-06 00:33:54 [main] INFO  [ELContextCleaner.java:63]
				[]-javax.el.BeanELResolver purged
2016-09-06 00:33:54 [main] INFO  [ContextHandler.java:801]
				[]-stopped o.e.j.w.WebAppContext{/,file:/F:/RecentWork/TeachOnLine/Projects/jhb-parent/jhb-weixin/src/main/webapp/},src/main/webapp
2016-09-06 00:33:54 [main] INFO  [ContextHandler.java:1965]
				[]-Initializing Spring root WebApplicationContext
2016-09-06 00:33:54 [main] INFO  [ContextLoader.java:272]
				[]-Root WebApplicationContext: initialization started
2016-09-06 00:33:54 [main] INFO  [AbstractApplicationContext.java:513]
				[]-Refreshing Root WebApplicationContext: startup date [Tue Sep 06 00:33:54 CST 2016]; root of context hierarchy
2016-09-06 00:33:54 [main] INFO  [XmlBeanDefinitionReader.java:316]
				[]-Loading XML bean definitions from class path resource [spring/spring-config.xml]
2016-09-06 00:33:54 [main] INFO  [XmlBeanDefinitionReader.java:316]
				[]-Loading XML bean definitions from class path resource [spring/spring-config-mybatis.xml]
2016-09-06 00:33:54 [main] INFO  [XmlBeanDefinitionReader.java:316]
				[]-Loading XML bean definitions from class path resource [spring/spring-config-bean.xml]
2016-09-06 00:33:55 [main] INFO  [PropertiesLoaderSupport.java:172]
				[]-Loading properties file from class path resource [resources.dev.properties]
2016-09-06 00:33:55 [main] INFO  [DruidDataSource.java:642]
				[]-{dataSource-3} inited
2016-09-06 00:33:56 [main] INFO  [ContextLoader.java:312]
				[]-Root WebApplicationContext: initialization completed in 1232 ms
2016-09-06 00:33:56 [main] INFO  [ContextHandler.java:750]
				[]-started o.e.j.w.WebAppContext{/,file:/F:/RecentWork/TeachOnLine/Projects/jhb-parent/jhb-weixin/src/main/webapp/},src/main/webapp
2016-09-06 00:33:56 [main] INFO  [ContextHandler.java:1965]
				[]-Initializing Spring FrameworkServlet 'spring'
2016-09-06 00:33:56 [main] INFO  [FrameworkServlet.java:461]
				[]-FrameworkServlet 'spring': initialization started
2016-09-06 00:33:56 [main] INFO  [AbstractApplicationContext.java:513]
				[]-Refreshing WebApplicationContext for namespace 'spring-servlet': startup date [Tue Sep 06 00:33:56 CST 2016]; parent: Root WebApplicationContext
2016-09-06 00:33:56 [main] INFO  [XmlBeanDefinitionReader.java:316]
				[]-Loading XML bean definitions from class path resource [spring/spring-mvc.xml]
2016-09-06 00:33:56 [main] ERROR [FrameworkServlet.java:474]
				[]-Context initialization failed
org.springframework.beans.factory.BeanCreationException: Error creating bean with name 'loginController': Injection of autowired dependencies failed; nested exception is org.springframework.beans.factory.BeanCreationException: Could not autowire field: private com.google.code.kaptcha.Producer com.jhb.web.LoginController.captchaProducer; nested exception is org.springframework.beans.factory.NoSuchBeanDefinitionException: No qualifying bean of type [com.google.code.kaptcha.Producer] found for dependency: expected at least 1 bean which qualifies as autowire candidate for this dependency. Dependency annotations: {@org.springframework.beans.factory.annotation.Autowired(required=true)}
	at org.springframework.beans.factory.annotation.AutowiredAnnotationBeanPostProcessor.postProcessPropertyValues(AutowiredAnnotationBeanPostProcessor.java:292) ~[spring-beans-4.0.0.RELEASE.jar:4.0.0.RELEASE]
	at org.springframework.beans.factory.support.AbstractAutowireCapableBeanFactory.populateBean(AbstractAutowireCapableBeanFactory.java:1185) ~[spring-beans-4.0.0.RELEASE.jar:4.0.0.RELEASE]
	at org.springframework.beans.factory.support.AbstractAutowireCapableBeanFactory.doCreateBean(AbstractAutowireCapableBeanFactory.java:537) ~[spring-beans-4.0.0.RELEASE.jar:4.0.0.RELEASE]
	at org.springframework.beans.factory.support.AbstractAutowireCapableBeanFactory.createBean(AbstractAutowireCapableBeanFactory.java:475) ~[spring-beans-4.0.0.RELEASE.jar:4.0.0.RELEASE]
	at org.springframework.beans.factory.support.AbstractBeanFactory$1.getObject(AbstractBeanFactory.java:304) ~[spring-beans-4.0.0.RELEASE.jar:4.0.0.RELEASE]
	at org.springframework.beans.factory.support.DefaultSingletonBeanRegistry.getSingleton(DefaultSingletonBeanRegistry.java:228) ~[spring-beans-4.0.0.RELEASE.jar:4.0.0.RELEASE]
	at org.springframework.beans.factory.support.AbstractBeanFactory.doGetBean(AbstractBeanFactory.java:300) ~[spring-beans-4.0.0.RELEASE.jar:4.0.0.RELEASE]
	at org.springframework.beans.factory.support.AbstractBeanFactory.getBean(AbstractBeanFactory.java:195) ~[spring-beans-4.0.0.RELEASE.jar:4.0.0.RELEASE]
	at org.springframework.beans.factory.support.DefaultListableBeanFactory.preInstantiateSingletons(DefaultListableBeanFactory.java:700) ~[spring-beans-4.0.0.RELEASE.jar:4.0.0.RELEASE]
	at org.springframework.context.support.AbstractApplicationContext.finishBeanFactoryInitialization(AbstractApplicationContext.java:760) ~[spring-context-4.0.0.RELEASE.jar:4.0.0.RELEASE]
	at org.springframework.context.support.AbstractApplicationContext.refresh(AbstractApplicationContext.java:482) ~[spring-context-4.0.0.RELEASE.jar:4.0.0.RELEASE]
	at org.springframework.web.servlet.FrameworkServlet.configureAndRefreshWebApplicationContext(FrameworkServlet.java:643) ~[spring-webmvc-4.0.0.RELEASE.jar:4.0.0.RELEASE]
	at org.springframework.web.servlet.FrameworkServlet.createWebApplicationContext(FrameworkServlet.java:606) ~[spring-webmvc-4.0.0.RELEASE.jar:4.0.0.RELEASE]
	at org.springframework.web.servlet.FrameworkServlet.createWebApplicationContext(FrameworkServlet.java:657) ~[spring-webmvc-4.0.0.RELEASE.jar:4.0.0.RELEASE]
	at org.springframework.web.servlet.FrameworkServlet.initWebApplicationContext(FrameworkServlet.java:525) ~[spring-webmvc-4.0.0.RELEASE.jar:4.0.0.RELEASE]
	at org.springframework.web.servlet.FrameworkServlet.initServletBean(FrameworkServlet.java:466) ~[spring-webmvc-4.0.0.RELEASE.jar:4.0.0.RELEASE]
	at org.springframework.web.servlet.HttpServletBean.init(HttpServletBean.java:136) [spring-webmvc-4.0.0.RELEASE.jar:4.0.0.RELEASE]
	at javax.servlet.GenericServlet.init(GenericServlet.java:241) [javax.servlet-2.5.0.v201103041518.jar:na]
	at org.eclipse.jetty.servlet.ServletHolder.initServlet(ServletHolder.java:477) [jetty-webapp-7.6.11.v20130520.jar:7.6.11.v20130520]
	at org.eclipse.jetty.servlet.ServletHolder.doStart(ServletHolder.java:293) [jetty-webapp-7.6.11.v20130520.jar:7.6.11.v20130520]
	at org.eclipse.jetty.util.component.AbstractLifeCycle.start(AbstractLifeCycle.java:64) [jetty-webapp-7.6.11.v20130520.jar:7.6.11.v20130520]
	at org.eclipse.jetty.servlet.ServletHandler.initialize(ServletHandler.java:730) [jetty-webapp-7.6.11.v20130520.jar:7.6.11.v20130520]
	at org.eclipse.jetty.servlet.ServletContextHandler.startContext(ServletContextHandler.java:254) [jetty-webapp-7.6.11.v20130520.jar:7.6.11.v20130520]
	at org.eclipse.jetty.webapp.WebAppContext.startContext(WebAppContext.java:1240) [jetty-webapp-7.6.11.v20130520.jar:7.6.11.v20130520]
	at org.eclipse.jetty.server.handler.ContextHandler.doStart(ContextHandler.java:689) [jetty-webapp-7.6.11.v20130520.jar:7.6.11.v20130520]
	at org.eclipse.jetty.webapp.WebAppContext.doStart(WebAppContext.java:482) [jetty-webapp-7.6.11.v20130520.jar:7.6.11.v20130520]
	at org.eclipse.jetty.util.component.AbstractLifeCycle.start(AbstractLifeCycle.java:64) [jetty-webapp-7.6.11.v20130520.jar:7.6.11.v20130520]
	at com.jhb.test.JettyFactory.reloadContext(JettyFactory.java:82) [test-classes/:na]
	at com.jhb.test.Application.main(Application.java:31) [test-classes/:na]
Caused by: org.springframework.beans.factory.BeanCreationException: Could not autowire field: private com.google.code.kaptcha.Producer com.jhb.web.LoginController.captchaProducer; nested exception is org.springframework.beans.factory.NoSuchBeanDefinitionException: No qualifying bean of type [com.google.code.kaptcha.Producer] found for dependency: expected at least 1 bean which qualifies as autowire candidate for this dependency. Dependency annotations: {@org.springframework.beans.factory.annotation.Autowired(required=true)}
	at org.springframework.beans.factory.annotation.AutowiredAnnotationBeanPostProcessor$AutowiredFieldElement.inject(AutowiredAnnotationBeanPostProcessor.java:508) ~[spring-beans-4.0.0.RELEASE.jar:4.0.0.RELEASE]
	at org.springframework.beans.factory.annotation.InjectionMetadata.inject(InjectionMetadata.java:87) ~[spring-beans-4.0.0.RELEASE.jar:4.0.0.RELEASE]
	at org.springframework.beans.factory.annotation.AutowiredAnnotationBeanPostProcessor.postProcessPropertyValues(AutowiredAnnotationBeanPostProcessor.java:289) ~[spring-beans-4.0.0.RELEASE.jar:4.0.0.RELEASE]
	... 28 common frames omitted
Caused by: org.springframework.beans.factory.NoSuchBeanDefinitionException: No qualifying bean of type [com.google.code.kaptcha.Producer] found for dependency: expected at least 1 bean which qualifies as autowire candidate for this dependency. Dependency annotations: {@org.springframework.beans.factory.annotation.Autowired(required=true)}
	at org.springframework.beans.factory.support.DefaultListableBeanFactory.raiseNoSuchBeanDefinitionException(DefaultListableBeanFactory.java:1100) ~[spring-beans-4.0.0.RELEASE.jar:4.0.0.RELEASE]
	at org.springframework.beans.factory.support.DefaultListableBeanFactory.doResolveDependency(DefaultListableBeanFactory.java:960) ~[spring-beans-4.0.0.RELEASE.jar:4.0.0.RELEASE]
	at org.springframework.beans.factory.support.DefaultListableBeanFactory.resolveDependency(DefaultListableBeanFactory.java:855) ~[spring-beans-4.0.0.RELEASE.jar:4.0.0.RELEASE]
	at org.springframework.beans.factory.annotation.AutowiredAnnotationBeanPostProcessor$AutowiredFieldElement.inject(AutowiredAnnotationBeanPostProcessor.java:480) ~[spring-beans-4.0.0.RELEASE.jar:4.0.0.RELEASE]
	... 30 common frames omitted
2016-09-06 00:33:56 [main] WARN  [ContextHandler.java:1974]
				[]-unavailable
org.springframework.beans.factory.BeanCreationException: Error creating bean with name 'loginController': Injection of autowired dependencies failed; nested exception is org.springframework.beans.factory.BeanCreationException: Could not autowire field: private com.google.code.kaptcha.Producer com.jhb.web.LoginController.captchaProducer; nested exception is org.springframework.beans.factory.NoSuchBeanDefinitionException: No qualifying bean of type [com.google.code.kaptcha.Producer] found for dependency: expected at least 1 bean which qualifies as autowire candidate for this dependency. Dependency annotations: {@org.springframework.beans.factory.annotation.Autowired(required=true)}
	at org.springframework.beans.factory.annotation.AutowiredAnnotationBeanPostProcessor.postProcessPropertyValues(AutowiredAnnotationBeanPostProcessor.java:292) ~[spring-beans-4.0.0.RELEASE.jar:4.0.0.RELEASE]
	at org.springframework.beans.factory.support.AbstractAutowireCapableBeanFactory.populateBean(AbstractAutowireCapableBeanFactory.java:1185) ~[spring-beans-4.0.0.RELEASE.jar:4.0.0.RELEASE]
	at org.springframework.beans.factory.support.AbstractAutowireCapableBeanFactory.doCreateBean(AbstractAutowireCapableBeanFactory.java:537) ~[spring-beans-4.0.0.RELEASE.jar:4.0.0.RELEASE]
	at org.springframework.beans.factory.support.AbstractAutowireCapableBeanFactory.createBean(AbstractAutowireCapableBeanFactory.java:475) ~[spring-beans-4.0.0.RELEASE.jar:4.0.0.RELEASE]
	at org.springframework.beans.factory.support.AbstractBeanFactory$1.getObject(AbstractBeanFactory.java:304) ~[spring-beans-4.0.0.RELEASE.jar:4.0.0.RELEASE]
	at org.springframework.beans.factory.support.DefaultSingletonBeanRegistry.getSingleton(DefaultSingletonBeanRegistry.java:228) ~[spring-beans-4.0.0.RELEASE.jar:4.0.0.RELEASE]
	at org.springframework.beans.factory.support.AbstractBeanFactory.doGetBean(AbstractBeanFactory.java:300) ~[spring-beans-4.0.0.RELEASE.jar:4.0.0.RELEASE]
	at org.springframework.beans.factory.support.AbstractBeanFactory.getBean(AbstractBeanFactory.java:195) ~[spring-beans-4.0.0.RELEASE.jar:4.0.0.RELEASE]
	at org.springframework.beans.factory.support.DefaultListableBeanFactory.preInstantiateSingletons(DefaultListableBeanFactory.java:700) ~[spring-beans-4.0.0.RELEASE.jar:4.0.0.RELEASE]
	at org.springframework.context.support.AbstractApplicationContext.finishBeanFactoryInitialization(AbstractApplicationContext.java:760) ~[spring-context-4.0.0.RELEASE.jar:4.0.0.RELEASE]
	at org.springframework.context.support.AbstractApplicationContext.refresh(AbstractApplicationContext.java:482) ~[spring-context-4.0.0.RELEASE.jar:4.0.0.RELEASE]
	at org.springframework.web.servlet.FrameworkServlet.configureAndRefreshWebApplicationContext(FrameworkServlet.java:643) ~[spring-webmvc-4.0.0.RELEASE.jar:4.0.0.RELEASE]
	at org.springframework.web.servlet.FrameworkServlet.createWebApplicationContext(FrameworkServlet.java:606) ~[spring-webmvc-4.0.0.RELEASE.jar:4.0.0.RELEASE]
	at org.springframework.web.servlet.FrameworkServlet.createWebApplicationContext(FrameworkServlet.java:657) ~[spring-webmvc-4.0.0.RELEASE.jar:4.0.0.RELEASE]
	at org.springframework.web.servlet.FrameworkServlet.initWebApplicationContext(FrameworkServlet.java:525) ~[spring-webmvc-4.0.0.RELEASE.jar:4.0.0.RELEASE]
	at org.springframework.web.servlet.FrameworkServlet.initServletBean(FrameworkServlet.java:466) ~[spring-webmvc-4.0.0.RELEASE.jar:4.0.0.RELEASE]
	at org.springframework.web.servlet.HttpServletBean.init(HttpServletBean.java:136) ~[spring-webmvc-4.0.0.RELEASE.jar:4.0.0.RELEASE]
	at javax.servlet.GenericServlet.init(GenericServlet.java:241) ~[javax.servlet-2.5.0.v201103041518.jar:na]
	at org.eclipse.jetty.servlet.ServletHolder.initServlet(ServletHolder.java:477) [jetty-webapp-7.6.11.v20130520.jar:7.6.11.v20130520]
	at org.eclipse.jetty.servlet.ServletHolder.doStart(ServletHolder.java:293) [jetty-webapp-7.6.11.v20130520.jar:7.6.11.v20130520]
	at org.eclipse.jetty.util.component.AbstractLifeCycle.start(AbstractLifeCycle.java:64) [jetty-webapp-7.6.11.v20130520.jar:7.6.11.v20130520]
	at org.eclipse.jetty.servlet.ServletHandler.initialize(ServletHandler.java:730) [jetty-webapp-7.6.11.v20130520.jar:7.6.11.v20130520]
	at org.eclipse.jetty.servlet.ServletContextHandler.startContext(ServletContextHandler.java:254) [jetty-webapp-7.6.11.v20130520.jar:7.6.11.v20130520]
	at org.eclipse.jetty.webapp.WebAppContext.startContext(WebAppContext.java:1240) [jetty-webapp-7.6.11.v20130520.jar:7.6.11.v20130520]
	at org.eclipse.jetty.server.handler.ContextHandler.doStart(ContextHandler.java:689) [jetty-webapp-7.6.11.v20130520.jar:7.6.11.v20130520]
	at org.eclipse.jetty.webapp.WebAppContext.doStart(WebAppContext.java:482) [jetty-webapp-7.6.11.v20130520.jar:7.6.11.v20130520]
	at org.eclipse.jetty.util.component.AbstractLifeCycle.start(AbstractLifeCycle.java:64) [jetty-webapp-7.6.11.v20130520.jar:7.6.11.v20130520]
	at com.jhb.test.JettyFactory.reloadContext(JettyFactory.java:82) [test-classes/:na]
	at com.jhb.test.Application.main(Application.java:31) [test-classes/:na]
Caused by: org.springframework.beans.factory.BeanCreationException: Could not autowire field: private com.google.code.kaptcha.Producer com.jhb.web.LoginController.captchaProducer; nested exception is org.springframework.beans.factory.NoSuchBeanDefinitionException: No qualifying bean of type [com.google.code.kaptcha.Producer] found for dependency: expected at least 1 bean which qualifies as autowire candidate for this dependency. Dependency annotations: {@org.springframework.beans.factory.annotation.Autowired(required=true)}
	at org.springframework.beans.factory.annotation.AutowiredAnnotationBeanPostProcessor$AutowiredFieldElement.inject(AutowiredAnnotationBeanPostProcessor.java:508) ~[spring-beans-4.0.0.RELEASE.jar:4.0.0.RELEASE]
	at org.springframework.beans.factory.annotation.InjectionMetadata.inject(InjectionMetadata.java:87) ~[spring-beans-4.0.0.RELEASE.jar:4.0.0.RELEASE]
	at org.springframework.beans.factory.annotation.AutowiredAnnotationBeanPostProcessor.postProcessPropertyValues(AutowiredAnnotationBeanPostProcessor.java:289) ~[spring-beans-4.0.0.RELEASE.jar:4.0.0.RELEASE]
	... 28 common frames omitted
Caused by: org.springframework.beans.factory.NoSuchBeanDefinitionException: No qualifying bean of type [com.google.code.kaptcha.Producer] found for dependency: expected at least 1 bean which qualifies as autowire candidate for this dependency. Dependency annotations: {@org.springframework.beans.factory.annotation.Autowired(required=true)}
	at org.springframework.beans.factory.support.DefaultListableBeanFactory.raiseNoSuchBeanDefinitionException(DefaultListableBeanFactory.java:1100) ~[spring-beans-4.0.0.RELEASE.jar:4.0.0.RELEASE]
	at org.springframework.beans.factory.support.DefaultListableBeanFactory.doResolveDependency(DefaultListableBeanFactory.java:960) ~[spring-beans-4.0.0.RELEASE.jar:4.0.0.RELEASE]
	at org.springframework.beans.factory.support.DefaultListableBeanFactory.resolveDependency(DefaultListableBeanFactory.java:855) ~[spring-beans-4.0.0.RELEASE.jar:4.0.0.RELEASE]
	at org.springframework.beans.factory.annotation.AutowiredAnnotationBeanPostProcessor$AutowiredFieldElement.inject(AutowiredAnnotationBeanPostProcessor.java:480) ~[spring-beans-4.0.0.RELEASE.jar:4.0.0.RELEASE]
	... 30 common frames omitted
2016-09-06 00:38:02 [main] INFO  [ContextHandler.java:1965]
				[]-Closing Spring root WebApplicationContext
2016-09-06 00:38:02 [main] INFO  [AbstractApplicationContext.java:873]
				[]-Closing Root WebApplicationContext: startup date [Tue Sep 06 00:33:54 CST 2016]; root of context hierarchy
2016-09-06 00:38:02 [main] INFO  [DruidDataSource.java:1253]
				[]-{dataSource-3} closed
2016-09-06 00:38:02 [main] INFO  [ELContextCleaner.java:63]
				[]-javax.el.BeanELResolver purged
2016-09-06 00:38:02 [main] INFO  [ContextHandler.java:801]
				[]-stopped o.e.j.w.WebAppContext{/,file:/F:/RecentWork/TeachOnLine/Projects/jhb-parent/jhb-weixin/src/main/webapp/},src/main/webapp
2016-09-06 00:38:03 [main] INFO  [ContextHandler.java:1965]
				[]-Initializing Spring root WebApplicationContext
2016-09-06 00:38:03 [main] INFO  [ContextLoader.java:272]
				[]-Root WebApplicationContext: initialization started
2016-09-06 00:38:03 [main] INFO  [AbstractApplicationContext.java:513]
				[]-Refreshing Root WebApplicationContext: startup date [Tue Sep 06 00:38:03 CST 2016]; root of context hierarchy
2016-09-06 00:38:03 [main] INFO  [XmlBeanDefinitionReader.java:316]
				[]-Loading XML bean definitions from class path resource [spring/spring-config.xml]
2016-09-06 00:38:03 [main] INFO  [XmlBeanDefinitionReader.java:316]
				[]-Loading XML bean definitions from class path resource [spring/spring-config-mybatis.xml]
2016-09-06 00:38:03 [main] INFO  [XmlBeanDefinitionReader.java:316]
				[]-Loading XML bean definitions from class path resource [spring/spring-config-bean.xml]
2016-09-06 00:38:03 [main] INFO  [PropertiesLoaderSupport.java:172]
				[]-Loading properties file from class path resource [resources.dev.properties]
2016-09-06 00:38:04 [main] INFO  [DruidDataSource.java:642]
				[]-{dataSource-4} inited
2016-09-06 00:38:04 [main] INFO  [ContextLoader.java:312]
				[]-Root WebApplicationContext: initialization completed in 1164 ms
2016-09-06 00:38:04 [main] INFO  [ContextHandler.java:750]
				[]-started o.e.j.w.WebAppContext{/,file:/F:/RecentWork/TeachOnLine/Projects/jhb-parent/jhb-weixin/src/main/webapp/},src/main/webapp
2016-09-06 00:38:04 [main] INFO  [ContextHandler.java:1965]
				[]-Initializing Spring FrameworkServlet 'spring'
2016-09-06 00:38:04 [main] INFO  [FrameworkServlet.java:461]
				[]-FrameworkServlet 'spring': initialization started
2016-09-06 00:38:04 [main] INFO  [AbstractApplicationContext.java:513]
				[]-Refreshing WebApplicationContext for namespace 'spring-servlet': startup date [Tue Sep 06 00:38:04 CST 2016]; parent: Root WebApplicationContext
2016-09-06 00:38:04 [main] INFO  [XmlBeanDefinitionReader.java:316]
				[]-Loading XML bean definitions from class path resource [spring/spring-mvc.xml]
2016-09-06 00:38:04 [main] INFO  [AbstractHandlerMethodMapping.java:181]
				[]-Mapped "{[/logout],methods=[],params=[],headers=[],consumes=[],produces=[],custom=[]}" onto public java.lang.String com.jhb.web.LoginController.logout(javax.servlet.http.HttpServletRequest)
2016-09-06 00:38:04 [main] INFO  [AbstractHandlerMethodMapping.java:181]
				[]-Mapped "{[/login],methods=[],params=[],headers=[],consumes=[],produces=[],custom=[]}" onto public com.alibaba.fastjson.JSONObject com.jhb.web.LoginController.login(javax.servlet.http.HttpServletRequest)
2016-09-06 00:38:04 [main] INFO  [AbstractHandlerMethodMapping.java:181]
				[]-Mapped "{[/captchaimage],methods=[],params=[],headers=[],consumes=[],produces=[],custom=[]}" onto public java.lang.String com.jhb.web.LoginController.captchaimage(javax.servlet.http.HttpServletRequest,javax.servlet.http.HttpServletResponse) throws java.io.IOException
2016-09-06 00:38:04 [main] INFO  [AbstractHandlerMethodMapping.java:181]
				[]-Mapped "{[/checkVerificationCode],methods=[],params=[],headers=[],consumes=[],produces=[],custom=[]}" onto public boolean com.jhb.web.LoginController.checkVerificationCode(java.lang.String,javax.servlet.http.HttpServletRequest)
2016-09-06 00:38:04 [main] INFO  [Version.java:27]
				[]-HV000001: Hibernate Validator 5.0.2.Final
2016-09-06 00:38:06 [main] INFO  [AbstractUrlHandlerMapping.java:315]
				[]-Mapped URL path [/**] onto handler 'org.springframework.web.servlet.resource.DefaultServletHttpRequestHandler#0'
2016-09-06 00:38:06 [main] INFO  [AbstractUrlHandlerMapping.java:315]
				[]-Mapped URL path [/**] onto handler 'org.springframework.web.servlet.resource.ResourceHttpRequestHandler#0'
2016-09-06 00:38:07 [main] INFO  [FrameworkServlet.java:480]
				[]-FrameworkServlet 'spring': initialization completed in 2637 ms
